<?xml version="1.0" encoding="UTF-8"?>
<!-- Generated by org.testng.reporters.JUnitReportReporter -->
<testsuite hostname="admin-PC" name="com.amex.RM.testscripts.SampleSauceTest" tests="1" failures="0" timestamp="17 Dec 2016 03:38:54 GMT" time="8.072" errors="0">
  <testcase name="testjenkins" time="8.072" classname="com.amex.RM.testscripts.SampleSauceTest"/>
</testsuite> <!-- com.amex.RM.testscripts.SampleSauceTest -->
